[37m06/11/2018-15:55:34.39 [39m[33mDeezNuts[39m: ::1: /GET /
[37m06/11/2018-18:50:04.54 [39m[33mDeezNuts[39m: ::1: /GET /
[37m06/11/2018-18:50:07.42 [39m[33mDeezNuts[39m: ::1: /GET /live
[37m06/11/2018-18:51:41.50 [39m[33mDeezNuts[39m: ::1: /GET /live
[37m06/11/2018-18:51:43.82 [39m[33mDeezNuts[39m: ::1: /GET /
[37m06/11/2018-18:51:46.73 [39m[33mDeezNuts[39m: ::1: /GET /live
[37m06/11/2018-18:52:57.23 [39m[33mDeezNuts[39m: ::1: /GET /live
[37m06/11/2018-18:52:59.33 [39m[33mDeezNuts[39m: ::1: /GET /
[37m06/11/2018-18:53:01.96 [39m[33mDeezNuts[39m: ::1: /GET /live
[37m06/11/2018-18:55:33.20 [39m[33mDeezNuts[39m: ::1: /GET /live
[37m06/11/2018-18:56:51.29 [39m[33mDeezNuts[39m: ::1: /GET /live
[37m06/11/2018-18:56:51.35 [39m[33mDeezNuts[39m: ::1: /GET /
[37m06/11/2018-18:56:55.62 [39m[33mDeezNuts[39m: ::1: /GET /
[37m06/11/2018-18:56:58.99 [39m[33mDeezNuts[39m: ::1: /GET /live
[37m06/11/2018-18:56:59.35 [39m[33mDeezNuts[39m: ::1: /GET /
[37m06/11/2018-18:57:03.47 [39m[33mDeezNuts[39m: ::1: /GET /
[37m06/11/2018-19:04:04.43 [39m[33mDeezNuts[39m: ::1: /GET /
[37m06/11/2018-19:04:12.89 [39m[33mDeezNuts[39m: ::1: /GET /live
[37m06/11/2018-19:04:12.91 [39m[33mDeezNuts[39m: ::1: /GET /
[37m06/11/2018-19:07:56.38 [39m[33mDeezNuts[39m: ::1: /GET /live
[37m06/11/2018-19:07:56.39 [39m[33mDeezNuts[39m: ::1: /GET /
[37m06/11/2018-19:08:52.12 [39m[33mDeezNuts[39m: ::1: /GET /
[37m06/11/2018-19:08:53.93 [39m[33mDeezNuts[39m: ::1: /GET /live
[37m06/11/2018-19:08:53.95 [39m[33mDeezNuts[39m: ::1: /GET /
[37m06/11/2018-19:08:58.42 [39m[33mDeezNuts[39m: ::1: /GET /live
[37m06/11/2018-19:08:58.44 [39m[33mDeezNuts[39m: ::1: /GET /
[37m06/11/2018-19:09:56.72 [39m[33mDeezNuts[39m: ::1: /GET /
[37m06/11/2018-19:10:08.50 [39m[33mDeezNuts[39m: ::1: /GET /
[37m06/11/2018-19:10:13.98 [39m[33mDeezNuts[39m: ::1: /GET /live
[37m06/11/2018-19:10:14.01 [39m[33mDeezNuts[39m: ::1: /GET /
[37m06/11/2018-19:11:00.05 [39m[33mDeezNuts[39m: ::1: /GET /
[37m06/11/2018-19:11:39.97 [39m[33mDeezNuts[39m: ::1: /GET /
[37m06/11/2018-19:11:50.56 [39m[33mDeezNuts[39m: ::1: /GET /
[37m06/11/2018-19:12:10.42 [39m[33mDeezNuts[39m: ::1: /GET /
[37m06/11/2018-19:13:13.02 [39m[33mDeezNuts[39m: ::1: /GET /
[37m06/11/2018-19:13:33.42 [39m[33mDeezNuts[39m: ::1: /GET /
[37m06/11/2018-19:14:47.46 [39m[33mDeezNuts[39m: ::1: /GET /
[37m06/11/2018-19:14:49.60 [39m[33mDeezNuts[39m: ::1: /GET /live
[37m06/11/2018-19:14:49.62 [39m[33mDeezNuts[39m: ::1: /GET /
[37m06/11/2018-19:15:45.83 [39m[33mDeezNuts[39m: ::1: /GET /
[37m06/11/2018-19:15:47.46 [39m[33mDeezNuts[39m: ::1: /GET /live
[37m06/11/2018-19:18:48.94 [39m[33mDeezNuts[39m: ::1: /GET /live
[37m06/11/2018-19:26:03.75 [39m[33mDeezNuts[39m: [NodeEvent on doneConnect] id=5J0RKL4Y args={"app":"live","type":"nonprivate","flashVer":"FMLE/3.0 (compatible; FMSc/1.0)","swfUrl":"rtmp://localhost/live","tcUrl":"rtmp://localhost/live"}
[37m06/11/2018-19:26:32.32 [39m[33mDeezNuts[39m: [NodeEvent on postConnect] id=BO9SARMQ args={"app":"live","type":"nonprivate","flashVer":"FMLE/3.0 (compatible; FMSc/1.0)","swfUrl":"rtmp://localhost/live","tcUrl":"rtmp://localhost/live"}
[37m06/11/2018-19:26:45.52 [39m[33mDeezNuts[39m: [NodeEvent on doneConnect] id=BO9SARMQ args={"app":"live","type":"nonprivate","flashVer":"FMLE/3.0 (compatible; FMSc/1.0)","swfUrl":"rtmp://localhost/live","tcUrl":"rtmp://localhost/live"}
[37m06/11/2018-19:30:04.25 [39m[33mDeezNuts[39m: ::1: /GET /live
[37m06/11/2018-19:30:05.04 [39m[33mDeezNuts[39m: [NodeEvent on postConnect] id=AS5I5QS0 args={"ip":"::1","method":"GET","streamPath":"/live/balls","query":{}}
[37m06/11/2018-19:30:05.04 [39m[33mDeezNuts[39m: Updating Status undefined -> live
[37m06/11/2018-19:30:09.43 [39m[33mDeezNuts[39m: [NodeEvent on postConnect] id=ASE3NVU9 args={"app":"live","type":"nonprivate","flashVer":"FMLE/3.0 (compatible; FMSc/1.0)","swfUrl":"rtmp://localhost/live","tcUrl":"rtmp://localhost/live"}
[37m06/11/2018-19:30:09.43 [39m[33mDeezNuts[39m: Updating Status live -> live
[37m06/11/2018-19:30:13.20 [39m[33mDeezNuts[39m: ::1: /GET /live
[37m06/11/2018-19:30:13.32 [39m[33mDeezNuts[39m: [NodeEvent on doneConnect] id=AS5I5QS0 args={"ip":"::1","method":"GET","streamPath":"/live/balls","query":{}}
[37m06/11/2018-19:30:13.32 [39m[33mDeezNuts[39m: Updating Status live -> hiding
[37m06/11/2018-19:30:13.51 [39m[33mDeezNuts[39m: [NodeEvent on postConnect] id=SIVVNS9E args={"ip":"::1","method":"GET","streamPath":"/live/balls","query":{}}
[37m06/11/2018-19:30:13.51 [39m[33mDeezNuts[39m: Updating Status hiding -> live
[37m06/11/2018-19:30:16.65 [39m[33mDeezNuts[39m: ::1: /GET /
[37m06/11/2018-19:30:16.80 [39m[33mDeezNuts[39m: [NodeEvent on doneConnect] id=SIVVNS9E args={"ip":"::1","method":"GET","streamPath":"/live/balls","query":{}}
[37m06/11/2018-19:30:16.81 [39m[33mDeezNuts[39m: Updating Status live -> hiding
[37m06/11/2018-19:30:18.92 [39m[33mDeezNuts[39m: ::1: /GET /live
[37m06/11/2018-19:30:19.20 [39m[33mDeezNuts[39m: [NodeEvent on postConnect] id=JQ89F4PH args={"ip":"::1","method":"GET","streamPath":"/live/balls","query":{}}
[37m06/11/2018-19:30:19.20 [39m[33mDeezNuts[39m: Updating Status hiding -> live
[37m06/11/2018-19:30:40.39 [39m[33mDeezNuts[39m: [NodeEvent on doneConnect] id=JQ89F4PH args={"ip":"::1","method":"GET","streamPath":"/live/balls","query":{}}
[37m06/11/2018-19:30:40.39 [39m[33mDeezNuts[39m: Updating Status live -> hiding
[37m06/11/2018-19:30:40.40 [39m[33mDeezNuts[39m: [NodeEvent on doneConnect] id=ASE3NVU9 args={"app":"live","type":"nonprivate","flashVer":"FMLE/3.0 (compatible; FMSc/1.0)","swfUrl":"rtmp://localhost/live","tcUrl":"rtmp://localhost/live"}
[37m06/11/2018-19:30:40.40 [39m[33mDeezNuts[39m: Updating Status hiding -> hiding
[37m06/11/2018-19:30:49.90 [39m[33mDeezNuts[39m: [NodeEvent on postConnect] id=2V41IB00 args={"app":"live","type":"nonprivate","flashVer":"FMLE/3.0 (compatible; FMSc/1.0)","swfUrl":"rtmp://localhost/live","tcUrl":"rtmp://localhost/live"}
[37m06/11/2018-19:30:49.90 [39m[33mDeezNuts[39m: Updating Status hiding -> live
[37m06/11/2018-19:30:56.25 [39m[33mDeezNuts[39m: ::1: /GET /live
[37m06/11/2018-19:30:56.62 [39m[33mDeezNuts[39m: [NodeEvent on postConnect] id=FJOTK8V4 args={"ip":"::1","method":"GET","streamPath":"/live/balls","query":{}}
[37m06/11/2018-19:30:56.62 [39m[33mDeezNuts[39m: Updating Status live -> live
[37m06/11/2018-19:32:47.65 [39m[33mDeezNuts[39m: Updating Status undefined -> live
[37m06/11/2018-19:38:04.73 [39m[33mDeezNuts[39m: ::1: /GET /live
[37m06/11/2018-19:38:07.35 [39m[33mDeezNuts[39m: ::1: /GET /
[37m06/11/2018-19:38:09.23 [39m[33mDeezNuts[39m: ::1: /GET /live
[37m06/11/2018-19:38:12.45 [39m[33mDeezNuts[39m: Updating Status hiding -> live
[37m06/11/2018-19:38:15.13 [39m[33mDeezNuts[39m: ::1: /GET /
[37m06/11/2018-19:38:16.92 [39m[33mDeezNuts[39m: ::1: /GET /
[37m06/11/2018-19:38:18.60 [39m[33mDeezNuts[39m: ::1: /GET /live
[37m06/11/2018-19:38:23.77 [39m[33mDeezNuts[39m: Updating Status live -> hiding
[37m06/11/2018-19:38:26.84 [39m[33mDeezNuts[39m: ::1: /GET /
[37m06/11/2018-19:39:48.81 [39m[33mDeezNuts[39m: ::1: /GET /live
[37m06/11/2018-19:41:34.34 [39m[33mDeezNuts[39m: ::1: /GET /live
[37m06/11/2018-19:42:03.79 [39m[33mDeezNuts[39m: ::1: /GET /live
[37m06/11/2018-19:42:07.01 [39m[33mDeezNuts[39m: ::1: /GET /
[37m06/11/2018-19:42:50.38 [39m[33mDeezNuts[39m: ::1: /GET /
[37m06/11/2018-19:44:08.89 [39m[33mDeezNuts[39m: ::1: /GET /
[37m06/11/2018-19:44:53.81 [39m[33mDeezNuts[39m: ::1: /GET /
[37m06/11/2018-19:45:18.71 [39m[33mDeezNuts[39m: ::1: /GET /live
[37m06/11/2018-19:45:28.67 [39m[33mDeezNuts[39m: ::1: /GET /
[37m06/11/2018-19:45:31.58 [39m[33mDeezNuts[39m: ::1: /GET /
[37m06/11/2018-19:45:32.75 [39m[33mDeezNuts[39m: ::1: /GET /live
[37m06/11/2018-19:45:55.99 [39m[33mDeezNuts[39m: ::1: /GET /
[37m06/12/2018-18:23:12.11 [39m[33mDeezNuts[39m: ::1: /GET /
[37m06/12/2018-18:23:17.44 [39m[33mDeezNuts[39m: ::1: /GET /live
[37m06/12/2018-18:23:17.58 [39m[33mDeezNuts[39m: ::1: /GET /live
[37m06/12/2018-18:23:17.97 [39m[33mDeezNuts[39m: ::1: /GET /favicon.ico
[37m06/12/2018-18:23:20.45 [39m[33mDeezNuts[39m: [NodeEvent on postPublish] id=YQAR2LJI StreamPath=/live/ args={"ac":0,"vc":0}
[37m06/12/2018-18:23:20.46 [39m[33mDeezNuts[39m: Updating Status hiding -> live
[37m06/12/2018-18:23:27.45 [39m[33mDeezNuts[39m: ::1: /GET /live
[37m06/12/2018-18:23:49.17 [39m[33mDeezNuts[39m: [NodeEvent on donePublish] id=YQAR2LJI StreamPath= args={"ac":0,"vc":0}
[37m06/12/2018-18:23:49.17 [39m[33mDeezNuts[39m: Updating Status live -> hiding
[37m06/12/2018-18:23:52.50 [39m[33mDeezNuts[39m: [NodeEvent on postPublish] id=CWLT5L80 StreamPath=/live/ args={"ac":0,"vc":0}
[37m06/12/2018-18:23:52.50 [39m[33mDeezNuts[39m: Updating Status hiding -> live
[37m06/12/2018-18:23:54.17 [39m[33mDeezNuts[39m: ::1: /GET /live
[37m06/12/2018-18:23:56.01 [39m[33mDeezNuts[39m: ::1: /GET /
[37m06/12/2018-18:23:57.32 [39m[33mDeezNuts[39m: ::1: /GET /live
[37m06/12/2018-18:24:17.50 [39m[33mDeezNuts[39m: ::1: /GET /live
[37m06/12/2018-18:24:21.45 [39m[33mDeezNuts[39m: [NodeEvent on donePublish] id=CWLT5L80 StreamPath= args={"ac":0,"vc":0}
[37m06/12/2018-18:24:21.46 [39m[33mDeezNuts[39m: Updating Status live -> hiding
[37m06/12/2018-18:24:22.63 [39m[33mDeezNuts[39m: ::1: /GET /
[37m06/12/2018-18:24:25.57 [39m[33mDeezNuts[39m: [NodeEvent on postPublish] id=3KAHON0I StreamPath=/live/ args={"ac":0,"vc":0}
[37m06/12/2018-18:24:25.58 [39m[33mDeezNuts[39m: Updating Status hiding -> live
[37m06/12/2018-18:24:28.53 [39m[33mDeezNuts[39m: ::1: /GET /live
[37m06/12/2018-18:24:50.57 [39m[33mDeezNuts[39m: ::1: /GET /live
[37m06/12/2018-18:25:05.97 [39m[33mDeezNuts[39m: ::1: /GET /live
[37m06/12/2018-18:25:19.11 [39m[33mDeezNuts[39m: ::1: /GET /live/balls
[37m06/12/2018-18:25:37.43 [39m[33mDeezNuts[39m: [NodeEvent on donePublish] id=3KAHON0I StreamPath= args={"ac":0,"vc":0}
[37m06/12/2018-18:25:37.43 [39m[33mDeezNuts[39m: Updating Status live -> hiding
[37m06/12/2018-18:25:43.65 [39m[33mDeezNuts[39m: [NodeEvent on postPublish] id=76MRJLNO StreamPath=/live/balls args={"ac":0,"vc":0}
[37m06/12/2018-18:25:43.65 [39m[33mDeezNuts[39m: Updating Status hiding -> live
[37m06/12/2018-18:26:13.48 [39m[33mDeezNuts[39m: ::1: /GET /
[34m[37m06/14/2018-10:30:38.42 [34m[33mDeezNuts[34m: Mongoose connection open[39m
[34m[37m06/14/2018-10:34:43.81 [34m[33mDeezNuts[34m: Mongoose connection disconnected[39m
[34m[37m06/14/2018-10:34:43.81 [34m[33mDeezNuts[34m: Reconnecting to MongoDB in 3000...[39m
[34m[37m06/14/2018-10:34:43.81 [34m[33mDeezNuts[34m: Mongoose connection disconnected through app termination[39m
[34m[37m06/14/2018-10:34:46.10 [34m[33mDeezNuts[34m: Mongoose connection open[39m
[34m[37m06/14/2018-10:36:35.14 [34m[33mDeezNuts[34m: Mongoose connection disconnected[39m
[34m[37m06/14/2018-10:36:35.15 [34m[33mDeezNuts[34m: Reconnecting to MongoDB in 3000...[39m
[34m[37m06/14/2018-10:36:35.15 [34m[33mDeezNuts[34m: Mongoose connection disconnected through app termination[39m
[34m[37m06/14/2018-10:36:37.29 [34m[33mDeezNuts[34m: Mongoose connection open[39m
[34m[37m06/14/2018-10:38:01.95 [34m[33mDeezNuts[34m: Mongoose connection disconnected[39m
[34m[37m06/14/2018-10:38:01.96 [34m[33mDeezNuts[34m: Reconnecting to MongoDB in 3000...[39m
[34m[37m06/14/2018-10:38:01.96 [34m[33mDeezNuts[34m: Mongoose connection disconnected through app termination[39m
[34m[37m06/14/2018-10:38:04.05 [34m[33mDeezNuts[34m: Mongoose connection open[39m
[34m[37m06/14/2018-10:39:38.13 [34m[33mDeezNuts[34m: Mongoose connection disconnected[39m
[34m[37m06/14/2018-10:39:38.13 [34m[33mDeezNuts[34m: Reconnecting to MongoDB in 3000...[39m
[34m[37m06/14/2018-10:39:38.14 [34m[33mDeezNuts[34m: Mongoose connection disconnected through app termination[39m
[34m[37m06/14/2018-10:39:40.36 [34m[33mDeezNuts[34m: Mongoose connection open[39m
[34m[37m06/14/2018-10:39:58.11 [34m[33mDeezNuts[34m: Mongoose connection disconnected[39m
[34m[37m06/14/2018-10:39:58.11 [34m[33mDeezNuts[34m: Reconnecting to MongoDB in 3000...[39m
[34m[37m06/14/2018-10:39:58.11 [34m[33mDeezNuts[34m: Mongoose connection disconnected through app termination[39m
[34m[37m06/14/2018-10:40:00.18 [34m[33mDeezNuts[34m: Mongoose connection open[39m
[34m[37m06/14/2018-10:43:03.01 [34m[33mDeezNuts[34m: Mongoose connection disconnected[39m
[34m[37m06/14/2018-10:43:03.01 [34m[33mDeezNuts[34m: Reconnecting to MongoDB in 3000...[39m
[34m[37m06/14/2018-10:43:03.01 [34m[33mDeezNuts[34m: Mongoose connection disconnected through app termination[39m
[34m[37m06/14/2018-10:43:05.02 [34m[33mDeezNuts[34m: Mongoose connection open[39m
[34m[37m06/14/2018-10:44:02.99 [34m[33mDeezNuts[34m: Mongoose connection disconnected[39m
[34m[37m06/14/2018-10:44:02.99 [34m[33mDeezNuts[34m: Reconnecting to MongoDB in 3000...[39m
[34m[37m06/14/2018-10:44:02.99 [34m[33mDeezNuts[34m: Mongoose connection disconnected through app termination[39m
[34m[37m06/14/2018-10:44:05.09 [34m[33mDeezNuts[34m: Mongoose connection open[39m
[34m[37m06/14/2018-10:44:30.74 [34m[33mDeezNuts[34m: Mongoose connection disconnected[39m
[34m[37m06/14/2018-10:44:30.74 [34m[33mDeezNuts[34m: Reconnecting to MongoDB in 3000...[39m
[34m[37m06/14/2018-10:44:30.75 [34m[33mDeezNuts[34m: Mongoose connection disconnected through app termination[39m
[34m[37m06/14/2018-10:44:32.66 [34m[33mDeezNuts[34m: Mongoose connection open[39m
[34m[37m06/14/2018-10:45:20.39 [34m[33mDeezNuts[34m: Mongoose connection disconnected[39m
[34m[37m06/14/2018-10:45:20.39 [34m[33mDeezNuts[34m: Reconnecting to MongoDB in 3000...[39m
[34m[37m06/14/2018-10:45:20.40 [34m[33mDeezNuts[34m: Mongoose connection disconnected through app termination[39m
[34m[37m06/14/2018-10:45:22.82 [34m[33mDeezNuts[34m: Mongoose connection open[39m
[37m06/14/2018-10:45:24.34 [39m[33mDeezNuts[39m: ::1: /GET /
[34m[37m06/14/2018-10:45:47.92 [34m[33mDeezNuts[34m: Mongoose connection disconnected[39m
[34m[37m06/14/2018-10:45:47.92 [34m[33mDeezNuts[34m: Reconnecting to MongoDB in 3000...[39m
[34m[37m06/14/2018-10:45:47.93 [34m[33mDeezNuts[34m: Mongoose connection disconnected through app termination[39m
[34m[37m06/14/2018-10:45:57.70 [34m[33mDeezNuts[34m: Mongoose connection open[39m
[37m06/14/2018-10:45:58.99 [39m[33mDeezNuts[39m: ::1: /GET /
[34m[37m06/14/2018-10:48:26.21 [34m[33mDeezNuts[34m: Mongoose connection disconnected[39m
[34m[37m06/14/2018-10:48:26.21 [34m[33mDeezNuts[34m: Reconnecting to MongoDB in 3000...[39m
[34m[37m06/14/2018-10:48:26.22 [34m[33mDeezNuts[34m: Mongoose connection disconnected through app termination[39m
[34m[37m06/14/2018-10:48:29.67 [34m[33mDeezNuts[34m: Mongoose connection open[39m
[37m06/14/2018-10:48:30.61 [39m[33mDeezNuts[39m: Generated address: undefined
[37m06/14/2018-10:48:40.66 [39m[33mDeezNuts[39m: ::1: /GET /
[37m06/14/2018-10:50:35.18 [39m[33mDeezNuts[39m: ::1: /GET /
[37m06/14/2018-10:50:48.49 [39m[33mDeezNuts[39m: Generated address: undefined
[37m06/14/2018-10:50:48.56 [39m[33mDeezNuts[39m: ::1: /GET /
[34m[37m06/14/2018-10:52:38.08 [34m[33mDeezNuts[34m: Mongoose connection disconnected[39m
[34m[37m06/14/2018-10:52:38.08 [34m[33mDeezNuts[34m: Reconnecting to MongoDB in 3000...[39m
[34m[37m06/14/2018-10:52:38.08 [34m[33mDeezNuts[34m: Mongoose connection disconnected through app termination[39m
[34m[37m06/14/2018-10:52:42.06 [34m[33mDeezNuts[34m: Mongoose connection open[39m
[37m06/14/2018-10:52:43.68 [39m[33mDeezNuts[39m: ::1: /GET /
[37m06/14/2018-10:52:56.95 [39m[33mDeezNuts[39m: myReceive: [object Object]
[37m06/14/2018-10:52:56.95 [39m[33mDeezNuts[39m: myReceive: {
    "xpub": "xpub6CZnCoHLTBVjuEHVtm6Dgd266vNcSkWv5rEcb1RaEH38BhobGGe44NtEyWEFVPBe4CaNDM3mKfGgeYomCjxnahSqGmnS23VbaidYtG1YPUb",
    "callback": "http://alexdeeznuts.herokuapp.com/tip",
    "key": "d1d86c8a-210e-40ca-a4ac-ce98ae328a8a"
}
[37m06/14/2018-10:52:56.96 [39m[33mDeezNuts[39m: checkgap: [object Promise]
[37m06/14/2018-10:52:56.96 [39m[33mDeezNuts[39m: checkgap: {
    "isFulfilled": false,
    "isRejected": false
}
[37m06/14/2018-10:52:56.96 [39m[33mDeezNuts[39m: gap: undefined
[37m06/14/2018-10:52:56.96 [39m[33mDeezNuts[39m: gap: undefined
[37m06/14/2018-10:52:56.96 [39m[33mDeezNuts[39m: myReceive3: [object Promise]
[37m06/14/2018-10:52:56.96 [39m[33mDeezNuts[39m: myReceive3: {
    "isFulfilled": false,
    "isRejected": false
}
[37m06/14/2018-10:52:56.96 [39m[33mDeezNuts[39m: Generated address: undefined
[37m06/14/2018-10:52:57.05 [39m[33mDeezNuts[39m: ::1: /GET /
[34m[37m06/14/2018-10:55:08.46 [34m[33mDeezNuts[34m: Mongoose connection disconnected[39m
[34m[37m06/14/2018-10:55:08.46 [34m[33mDeezNuts[34m: Reconnecting to MongoDB in 3000...[39m
[34m[37m06/14/2018-10:55:08.46 [34m[33mDeezNuts[34m: Mongoose connection disconnected through app termination[39m
[34m[37m06/14/2018-10:55:10.71 [34m[33mDeezNuts[34m: Mongoose connection open[39m
[37m06/14/2018-10:55:19.71 [39m[33mDeezNuts[39m: myReceive: [object Object]
[37m06/14/2018-10:55:19.71 [39m[33mDeezNuts[39m: myReceive: {
    "xpub": "xpub6CZnCoHLTBVjuEHVtm6Dgd266vNcSkWv5rEcb1RaEH38BhobGGe44NtEyWEFVPBe4CaNDM3mKfGgeYomCjxnahSqGmnS23VbaidYtG1YPUb",
    "callback": "http://alexdeeznuts.herokuapp.com/tip",
    "key": "d1d86c8a-210e-40ca-a4ac-ce98ae328a8a"
}
[37m06/14/2018-10:55:19.72 [39m[33mDeezNuts[39m: checkgap: [object Promise]
[37m06/14/2018-10:55:19.72 [39m[33mDeezNuts[39m: checkgap: {
    "isFulfilled": false,
    "isRejected": false
}
[37m06/14/2018-10:55:19.72 [39m[33mDeezNuts[39m: gap: undefined
[37m06/14/2018-10:55:19.72 [39m[33mDeezNuts[39m: gap: undefined
[37m06/14/2018-10:57:19.67 [39m[33mDeezNuts[39m: myReceive: [object Object]
[37m06/14/2018-10:57:19.67 [39m[33mDeezNuts[39m: myReceive: {
    "xpub": "xpub6CZnCoHLTBVjuEHVtm6Dgd266vNcSkWv5rEcb1RaEH38BhobGGe44NtEyWEFVPBe4CaNDM3mKfGgeYomCjxnahSqGmnS23VbaidYtG1YPUb",
    "callback": "http://alexdeeznuts.herokuapp.com/tip",
    "key": "d1d86c8a-210e-40ca-a4ac-ce98ae328a8a"
}
[37m06/14/2018-10:57:19.68 [39m[33mDeezNuts[39m: checkgap: [object Promise]
[37m06/14/2018-10:57:19.68 [39m[33mDeezNuts[39m: checkgap: {
    "isFulfilled": false,
    "isRejected": false
}
[37m06/14/2018-10:57:19.68 [39m[33mDeezNuts[39m: gap: undefined
[37m06/14/2018-10:57:19.68 [39m[33mDeezNuts[39m: gap: undefined
[34m[37m06/14/2018-10:57:22.51 [34m[33mDeezNuts[34m: Mongoose connection disconnected[39m
[34m[37m06/14/2018-10:57:22.51 [34m[33mDeezNuts[34m: Reconnecting to MongoDB in 3000...[39m
[34m[37m06/14/2018-10:57:22.51 [34m[33mDeezNuts[34m: Mongoose connection disconnected through app termination[39m
[34m[37m06/14/2018-10:57:25.04 [34m[33mDeezNuts[34m: Mongoose connection open[39m
[37m06/14/2018-10:57:30.87 [39m[33mDeezNuts[39m: myReceive: [object Object]
[37m06/14/2018-10:57:30.87 [39m[33mDeezNuts[39m: myReceive: {
    "xpub": "xpub6CZnCoHLTBVjuEHVtm6Dgd266vNcSkWv5rEcb1RaEH38BhobGGe44NtEyWEFVPBe4CaNDM3mKfGgeYomCjxnahSqGmnS23VbaidYtG1YPUb",
    "callback": "http://alexdeeznuts.herokuapp.com/tip",
    "key": "d1d86c8a-210e-40ca-a4ac-ce98ae328a8a"
}
[37m06/14/2018-10:57:30.88 [39m[33mDeezNuts[39m: checkgap: [object Promise]
[37m06/14/2018-10:57:30.88 [39m[33mDeezNuts[39m: checkgap: {
    "isFulfilled": false,
    "isRejected": false
}
[37m06/14/2018-10:57:30.88 [39m[33mDeezNuts[39m: gap: undefined
[37m06/14/2018-10:57:30.88 [39m[33mDeezNuts[39m: gap: undefined
[1m[33m[37m06/14/2018-10:57:31.30 [33m { address: '141ZATeSSaxZtj53DCpxXaVNYzyChsFwnh',[39m[22m
[1m[33m  index: 7,[39m[22m
[1m[33m  callback: 'http://alexdeeznuts.herokuapp.com/tip?secret=ballsacks' }[39m[22m
[37m06/14/2018-10:57:31.31 [39m[33mDeezNuts[39m: myReceive3: [object Promise]
[37m06/14/2018-10:57:31.31 [39m[33mDeezNuts[39m: myReceive3: {
    "isFulfilled": false,
    "isRejected": false
}
[37m06/14/2018-10:57:31.31 [39m[33mDeezNuts[39m: Generated address: undefined
[37m06/14/2018-10:57:31.40 [39m[33mDeezNuts[39m: ::1: /GET /
[34m[37m06/14/2018-11:02:32.50 [34m[33mDeezNuts[34m: Mongoose connection disconnected[39m
[34m[37m06/14/2018-11:02:32.50 [34m[33mDeezNuts[34m: Reconnecting to MongoDB in 3000...[39m
[34m[37m06/14/2018-11:02:32.50 [34m[33mDeezNuts[34m: Mongoose connection disconnected through app termination[39m
[34m[37m06/14/2018-11:02:42.13 [34m[33mDeezNuts[34m: Mongoose connection open[39m
[37m06/14/2018-11:02:44.14 [39m[33mDeezNuts[39m: checkgap: [object Object]
[37m06/14/2018-11:02:44.14 [39m[33mDeezNuts[39m: checkgap: {
    "gap": 7
}
[37m06/14/2018-11:02:44.14 [39m[33mDeezNuts[39m: gap: undefined
[37m06/14/2018-11:02:44.15 [39m[33mDeezNuts[39m: gap: undefined
[37m06/14/2018-11:02:44.15 [39m[33mDeezNuts[39m: Generated address: 1DF2jzbb4mTURucNC8T7xw4c7eUE49ScbX
[37m06/14/2018-11:02:44.25 [39m[33mDeezNuts[39m: ::1: /GET /
[34m[37m06/14/2018-11:04:42.06 [34m[33mDeezNuts[34m: Mongoose connection disconnected[39m
[34m[37m06/14/2018-11:04:42.06 [34m[33mDeezNuts[34m: Reconnecting to MongoDB in 3000...[39m
[34m[37m06/14/2018-11:04:42.06 [34m[33mDeezNuts[34m: Mongoose connection disconnected through app termination[39m
[34m[37m06/14/2018-11:04:44.43 [34m[33mDeezNuts[34m: Mongoose connection open[39m
[37m06/14/2018-11:04:45.21 [39m[33mDeezNuts[39m: ::1: /GET /
[37m06/14/2018-11:05:01.39 [39m[33mDeezNuts[39m: ::1: /GET /
[34m[37m06/14/2018-11:06:02.35 [34m[33mDeezNuts[34m: Mongoose connection disconnected[39m
[34m[37m06/14/2018-11:06:02.35 [34m[33mDeezNuts[34m: Reconnecting to MongoDB in 3000...[39m
[34m[37m06/14/2018-11:06:02.35 [34m[33mDeezNuts[34m: Mongoose connection disconnected through app termination[39m
[34m[37m06/14/2018-11:06:05.02 [34m[33mDeezNuts[34m: Mongoose connection open[39m
[37m06/14/2018-11:06:05.45 [39m[33mDeezNuts[39m: ::1: /GET /
[37m06/14/2018-11:06:35.78 [39m[33mDeezNuts[39m: ::1: /GET /
[37m06/14/2018-11:06:36.47 [39m[33mDeezNuts[39m: ::1: /GET /favicon.ico
[37m06/14/2018-11:11:01.28 [39m[33mDeezNuts[39m: ::1: /GET /live
[34m[37m06/14/2018-11:33:15.68 [34m[33mDeezNuts[34m: Mongoose connection disconnected[39m
[34m[37m06/14/2018-11:33:15.68 [34m[33mDeezNuts[34m: Reconnecting to MongoDB in 3000...[39m
[34m[37m06/14/2018-11:33:15.68 [34m[33mDeezNuts[34m: Mongoose connection disconnected through app termination[39m
[34m[37m06/14/2018-11:33:48.39 [34m[33mDeezNuts[34m: Mongoose connection open[39m
[37m06/14/2018-11:33:54.29 [39m[33mDeezNuts[39m: ::1: /GET /live
[37m06/14/2018-11:33:59.27 [39m[33mDeezNuts[39m: ::1: /GET /
[37m06/14/2018-11:34:04.74 [39m[33mDeezNuts[39m: ::1: /GET /live
[37m06/14/2018-11:34:06.49 [39m[33mDeezNuts[39m: ::1: /GET /
[34m[37m06/14/2018-11:34:08.82 [34m[33mDeezNuts[34m: Mongoose connection disconnected[39m
[34m[37m06/14/2018-11:34:08.82 [34m[33mDeezNuts[34m: Reconnecting to MongoDB in 3000...[39m
[34m[37m06/14/2018-11:34:08.82 [34m[33mDeezNuts[34m: Mongoose connection disconnected through app termination[39m
[34m[37m06/14/2018-11:34:17.19 [34m[33mDeezNuts[34m: Mongoose connection open[39m
[37m06/14/2018-11:34:18.39 [39m[33mDeezNuts[39m: ::1: /GET /
[37m06/14/2018-11:34:20.32 [39m[33mDeezNuts[39m: ::1: /GET /live
[34m[37m06/14/2018-11:34:52.00 [34m[33mDeezNuts[34m: Mongoose connection disconnected[39m
[34m[37m06/14/2018-11:34:52.00 [34m[33mDeezNuts[34m: Reconnecting to MongoDB in 3000...[39m
[34m[37m06/14/2018-11:34:52.01 [34m[33mDeezNuts[34m: Mongoose connection disconnected through app termination[39m
[34m[37m06/14/2018-11:34:54.13 [34m[33mDeezNuts[34m: Mongoose connection open[39m
[37m06/14/2018-11:34:55.12 [39m[33mDeezNuts[39m: ::1: /GET /live
[34m[37m06/14/2018-11:35:21.63 [34m[33mDeezNuts[34m: Mongoose connection disconnected[39m
[34m[37m06/14/2018-11:35:21.63 [34m[33mDeezNuts[34m: Reconnecting to MongoDB in 3000...[39m
[34m[37m06/14/2018-11:35:21.63 [34m[33mDeezNuts[34m: Mongoose connection disconnected through app termination[39m
[34m[37m06/14/2018-11:35:23.67 [34m[33mDeezNuts[34m: Mongoose connection open[39m
[37m06/14/2018-11:35:24.58 [39m[33mDeezNuts[39m: ::1: /GET /live
[34m[37m06/14/2018-11:35:54.04 [34m[33mDeezNuts[34m: Mongoose connection disconnected[39m
[34m[37m06/14/2018-11:35:54.04 [34m[33mDeezNuts[34m: Reconnecting to MongoDB in 3000...[39m
[34m[37m06/14/2018-11:35:54.04 [34m[33mDeezNuts[34m: Mongoose connection disconnected through app termination[39m
[34m[37m06/14/2018-11:35:56.70 [34m[33mDeezNuts[34m: Mongoose connection open[39m
[37m06/14/2018-11:36:04.33 [39m[33mDeezNuts[39m: gap: 8
[37m06/14/2018-11:36:04.33 [39m[33mDeezNuts[39m: Generated address: 1DgcMgivcf48nwyAF79pvEnZ8nwaTcDKmC
[37m06/14/2018-11:36:04.43 [39m[33mDeezNuts[39m: ::1: /GET /live
[37m06/14/2018-11:36:06.14 [39m[33mDeezNuts[39m: ::1: /GET /
[37m06/14/2018-11:36:08.35 [39m[33mDeezNuts[39m: ::1: /GET /live
[34m[37m06/14/2018-11:36:44.84 [34m[33mDeezNuts[34m: Mongoose connection disconnected[39m
[34m[37m06/14/2018-11:36:44.84 [34m[33mDeezNuts[34m: Reconnecting to MongoDB in 3000...[39m
[34m[37m06/14/2018-11:36:44.84 [34m[33mDeezNuts[34m: Mongoose connection disconnected through app termination[39m
[34m[37m06/14/2018-11:36:46.100 [34m[33mDeezNuts[34m: Mongoose connection open[39m
[37m06/14/2018-11:36:47.84 [39m[33mDeezNuts[39m: ::1: /GET /live
[37m06/14/2018-11:36:47.84 [39m[33mDeezNuts[39m: time: 0
[37m06/14/2018-11:36:52.10 [39m[33mDeezNuts[39m: ::1: /GET /live
[37m06/14/2018-11:36:52.10 [39m[33mDeezNuts[39m: time: 0
[37m06/14/2018-11:36:53.13 [39m[33mDeezNuts[39m: ::1: /GET /
[37m06/14/2018-11:36:55.08 [39m[33mDeezNuts[39m: ::1: /GET /live
[37m06/14/2018-11:36:55.09 [39m[33mDeezNuts[39m: time: 0
[37m06/14/2018-11:37:12.34 [39m[33mDeezNuts[39m: ::1: /GET /
[37m06/14/2018-11:37:16.34 [39m[33mDeezNuts[39m: ::1: /GET /live
[37m06/14/2018-11:37:16.34 [39m[33mDeezNuts[39m: time: 0
[34m[37m06/14/2018-11:38:28.49 [34m[33mDeezNuts[34m: Mongoose connection disconnected[39m
[34m[37m06/14/2018-11:38:28.49 [34m[33mDeezNuts[34m: Reconnecting to MongoDB in 3000...[39m
[34m[37m06/14/2018-11:38:28.49 [34m[33mDeezNuts[34m: Mongoose connection disconnected through app termination[39m
[34m[37m06/14/2018-11:38:30.53 [34m[33mDeezNuts[34m: Mongoose connection open[39m
[37m06/14/2018-11:38:30.80 [39m[33mDeezNuts[39m: ::1: /GET /live
[37m06/14/2018-11:38:30.80 [39m[33mDeezNuts[39m: whyyyyyyyyyyyyyyyyyyy
[34m[37m06/14/2018-11:40:39.90 [34m[33mDeezNuts[34m: Mongoose connection disconnected[39m
[34m[37m06/14/2018-11:40:39.91 [34m[33mDeezNuts[34m: Reconnecting to MongoDB in 3000...[39m
[34m[37m06/14/2018-11:40:39.91 [34m[33mDeezNuts[34m: Mongoose connection disconnected through app termination[39m
[34m[37m06/14/2018-11:40:41.99 [34m[33mDeezNuts[34m: Mongoose connection open[39m
[37m06/14/2018-11:40:42.71 [39m[33mDeezNuts[39m: ::1: /GET /live
[37m06/14/2018-11:40:42.72 [39m[33mDeezNuts[39m: true
[37m06/14/2018-11:40:42.72 [39m[33mDeezNuts[39m: 0
[34m[37m06/14/2018-11:41:37.14 [34m[33mDeezNuts[34m: Mongoose connection disconnected[39m
[34m[37m06/14/2018-11:41:37.15 [34m[33mDeezNuts[34m: Reconnecting to MongoDB in 3000...[39m
[34m[37m06/14/2018-11:41:37.15 [34m[33mDeezNuts[34m: Mongoose connection disconnected through app termination[39m
[34m[37m06/14/2018-11:41:39.20 [34m[33mDeezNuts[34m: Mongoose connection open[39m
[37m06/14/2018-11:41:39.80 [39m[33mDeezNuts[39m: ::1: /GET /live
[37m06/14/2018-11:41:40.37 [39m[33mDeezNuts[39m: ::1: /GET /
[34m[37m06/14/2018-11:45:13.37 [34m[33mDeezNuts[34m: Mongoose connection disconnected[39m
[34m[37m06/14/2018-11:45:13.37 [34m[33mDeezNuts[34m: Reconnecting to MongoDB in 3000...[39m
[34m[37m06/14/2018-11:45:13.37 [34m[33mDeezNuts[34m: Mongoose connection disconnected through app termination[39m
[34m[37m06/14/2018-11:45:17.95 [34m[33mDeezNuts[34m: Mongoose connection open[39m
[37m06/14/2018-11:45:18.45 [39m[33mDeezNuts[39m: ::1: /GET /
[34m[37m06/14/2018-11:46:09.47 [34m[33mDeezNuts[34m: Mongoose connection disconnected[39m
[34m[37m06/14/2018-11:46:09.47 [34m[33mDeezNuts[34m: Reconnecting to MongoDB in 3000...[39m
[34m[37m06/14/2018-11:46:09.47 [34m[33mDeezNuts[34m: Mongoose connection disconnected through app termination[39m
[34m[37m06/14/2018-11:46:11.61 [34m[33mDeezNuts[34m: Mongoose connection open[39m
[37m06/14/2018-11:46:12.20 [39m[33mDeezNuts[39m: ::1: /GET /
[34m[37m06/14/2018-11:47:18.59 [34m[33mDeezNuts[34m: Mongoose connection disconnected[39m
[34m[37m06/14/2018-11:47:18.59 [34m[33mDeezNuts[34m: Reconnecting to MongoDB in 3000...[39m
[34m[37m06/14/2018-11:47:18.59 [34m[33mDeezNuts[34m: Mongoose connection disconnected through app termination[39m
[34m[37m06/14/2018-11:47:20.72 [34m[33mDeezNuts[34m: Mongoose connection open[39m
[37m06/14/2018-11:47:21.62 [39m[33mDeezNuts[39m: ::1: /GET /
[34m[37m06/14/2018-11:48:03.66 [34m[33mDeezNuts[34m: Mongoose connection disconnected[39m
[34m[37m06/14/2018-11:48:03.66 [34m[33mDeezNuts[34m: Reconnecting to MongoDB in 3000...[39m
[34m[37m06/14/2018-11:48:03.66 [34m[33mDeezNuts[34m: Mongoose connection disconnected through app termination[39m
[34m[37m06/14/2018-11:48:07.02 [34m[33mDeezNuts[34m: Mongoose connection open[39m
[37m06/14/2018-11:48:08.17 [39m[33mDeezNuts[39m: ::1: /GET /
[34m[37m06/14/2018-11:48:42.45 [34m[33mDeezNuts[34m: Mongoose connection disconnected[39m
[34m[37m06/14/2018-11:48:42.45 [34m[33mDeezNuts[34m: Reconnecting to MongoDB in 3000...[39m
[34m[37m06/14/2018-11:48:42.45 [34m[33mDeezNuts[34m: Mongoose connection disconnected through app termination[39m
[34m[37m06/14/2018-11:48:44.48 [34m[33mDeezNuts[34m: Mongoose connection open[39m
[37m06/14/2018-11:48:47.60 [39m[33mDeezNuts[39m: ::1: /GET /
[34m[37m06/14/2018-11:49:06.03 [34m[33mDeezNuts[34m: Mongoose connection disconnected[39m
[34m[37m06/14/2018-11:49:06.03 [34m[33mDeezNuts[34m: Reconnecting to MongoDB in 3000...[39m
[34m[37m06/14/2018-11:49:06.03 [34m[33mDeezNuts[34m: Mongoose connection disconnected through app termination[39m
[34m[37m06/14/2018-11:49:08.10 [34m[33mDeezNuts[34m: Mongoose connection open[39m
[37m06/14/2018-11:49:09.72 [39m[33mDeezNuts[39m: ::1: /GET /
[34m[37m06/14/2018-11:49:32.25 [34m[33mDeezNuts[34m: Mongoose connection disconnected[39m
[34m[37m06/14/2018-11:49:32.25 [34m[33mDeezNuts[34m: Reconnecting to MongoDB in 3000...[39m
[34m[37m06/14/2018-11:49:32.25 [34m[33mDeezNuts[34m: Mongoose connection disconnected through app termination[39m
[34m[37m06/14/2018-11:49:34.28 [34m[33mDeezNuts[34m: Mongoose connection open[39m
[37m06/14/2018-11:49:35.71 [39m[33mDeezNuts[39m: ::1: /GET /
[37m06/14/2018-11:49:51.14 [39m[33mDeezNuts[39m: ::1: /GET /live
[37m06/14/2018-11:49:51.68 [39m[33mDeezNuts[39m: ::1: /GET /
[34m[37m06/14/2018-11:52:30.40 [34m[33mDeezNuts[34m: Mongoose connection disconnected[39m
[34m[37m06/14/2018-11:52:30.40 [34m[33mDeezNuts[34m: Reconnecting to MongoDB in 3000...[39m
[34m[37m06/14/2018-11:52:30.40 [34m[33mDeezNuts[34m: Mongoose connection disconnected through app termination[39m
[34m[37m06/14/2018-11:52:41.05 [34m[33mDeezNuts[34m: Mongoose connection open[39m
[37m06/14/2018-11:52:41.86 [39m[33mDeezNuts[39m: ::1: /GET /
[37m06/14/2018-11:52:46.47 [39m[33mDeezNuts[39m: ::1: /GET /live
[34m[37m06/14/2018-11:53:51.85 [34m[33mDeezNuts[34m: Mongoose connection disconnected[39m
[34m[37m06/14/2018-11:53:51.85 [34m[33mDeezNuts[34m: Reconnecting to MongoDB in 3000...[39m
[34m[37m06/14/2018-11:53:51.86 [34m[33mDeezNuts[34m: Mongoose connection disconnected through app termination[39m
[34m[37m06/14/2018-11:53:53.81 [34m[33mDeezNuts[34m: Mongoose connection open[39m
[37m06/14/2018-11:53:54.69 [39m[33mDeezNuts[39m: ::1: /GET /live
[37m06/14/2018-11:54:05.79 [39m[33mDeezNuts[39m: ::1: /GET /
[34m[37m06/14/2018-11:54:21.15 [34m[33mDeezNuts[34m: Mongoose connection disconnected[39m
[34m[37m06/14/2018-11:54:21.16 [34m[33mDeezNuts[34m: Reconnecting to MongoDB in 3000...[39m
[34m[37m06/14/2018-11:54:21.16 [34m[33mDeezNuts[34m: Mongoose connection disconnected through app termination[39m
[34m[37m06/14/2018-11:54:23.36 [34m[33mDeezNuts[34m: Mongoose connection open[39m
[37m06/14/2018-11:54:24.64 [39m[33mDeezNuts[39m: ::1: /GET /
[37m06/14/2018-11:54:27.36 [39m[33mDeezNuts[39m: ::1: /GET /
[37m06/14/2018-11:54:28.66 [39m[33mDeezNuts[39m: ::1: /GET /live
[37m06/14/2018-11:54:31.42 [39m[33mDeezNuts[39m: ::1: /GET /
[37m06/14/2018-11:54:40.04 [39m[33mDeezNuts[39m: ::1: /GET /
[37m06/14/2018-11:54:45.92 [39m[33mDeezNuts[39m: ::1: /GET /privacy-policy
[37m06/14/2018-11:54:47.14 [39m[33mDeezNuts[39m: ::1: /GET /terms
[37m06/14/2018-11:54:48.21 [39m[33mDeezNuts[39m: ::1: /GET /support
[37m06/14/2018-11:54:49.17 [39m[33mDeezNuts[39m: ::1: /GET /privacy-policy
[37m06/14/2018-11:54:53.84 [39m[33mDeezNuts[39m: ::1: /GET /
[34m[37m06/14/2018-11:57:28.08 [34m[33mDeezNuts[34m: Mongoose connection disconnected[39m
[34m[37m06/14/2018-11:57:28.08 [34m[33mDeezNuts[34m: Reconnecting to MongoDB in 3000...[39m
[34m[37m06/14/2018-11:57:28.08 [34m[33mDeezNuts[34m: Mongoose connection disconnected through app termination[39m
[34m[37m06/14/2018-11:57:44.50 [34m[33mDeezNuts[34m: Mongoose connection open[39m
[37m06/14/2018-11:57:49.22 [39m[33mDeezNuts[39m: ::1: /GET /privacy-policy
[1m[33m[37m06/14/2018-11:57:49.55 [33m { NotFoundError: Not Found[39m[22m
[1m[33m    at /home/skeetzo/Projects/alexdeeznuts/app.js:70:8[39m[22m
[1m[33m    at Layer.handle [as handle_request] (/home/skeetzo/Projects/alexdeeznuts/node_modules/express/lib/router/layer.js:95:5)[39m[22m
[1m[33m    at trim_prefix (/home/skeetzo/Projects/alexdeeznuts/node_modules/express/lib/router/index.js:317:13)[39m[22m
[1m[33m    at /home/skeetzo/Projects/alexdeeznuts/node_modules/express/lib/router/index.js:284:7[39m[22m
[1m[33m    at Function.process_params (/home/skeetzo/Projects/alexdeeznuts/node_modules/express/lib/router/index.js:335:12)[39m[22m
[1m[33m    at next (/home/skeetzo/Projects/alexdeeznuts/node_modules/express/lib/router/index.js:275:10)[39m[22m
[1m[33m    at /home/skeetzo/Projects/alexdeeznuts/node_modules/express/lib/router/index.js:635:15[39m[22m
[1m[33m    at next (/home/skeetzo/Projects/alexdeeznuts/node_modules/express/lib/router/index.js:260:14)[39m[22m
[1m[33m    at /home/skeetzo/Projects/alexdeeznuts/routes/index.js:15:2[39m[22m
[1m[33m    at Layer.handle [as handle_request] (/home/skeetzo/Projects/alexdeeznuts/node_modules/express/lib/router/layer.js:95:5)[39m[22m
[1m[33m    at trim_prefix (/home/skeetzo/Projects/alexdeeznuts/node_modules/express/lib/router/index.js:317:13)[39m[22m
[1m[33m    at /home/skeetzo/Projects/alexdeeznuts/node_modules/express/lib/router/index.js:284:7[39m[22m
[1m[33m    at Function.process_params (/home/skeetzo/Projects/alexdeeznuts/node_modules/express/lib/router/index.js:335:12)[39m[22m
[1m[33m    at next (/home/skeetzo/Projects/alexdeeznuts/node_modules/express/lib/router/index.js:275:10)[39m[22m
[1m[33m    at module.exports.findViewer (/home/skeetzo/Projects/alexdeeznuts/modules/mixins.js:12:43)[39m[22m
[1m[33m    at Layer.handle [as handle_request] (/home/skeetzo/Projects/alexdeeznuts/node_modules/express/lib/router/layer.js:95:5)[39m[22m
[1m[33m    at trim_prefix (/home/skeetzo/Projects/alexdeeznuts/node_modules/express/lib/router/index.js:317:13)[39m[22m
[1m[33m    at /home/skeetzo/Projects/alexdeeznuts/node_modules/express/lib/router/index.js:284:7[39m[22m
[1m[33m    at Function.process_params (/home/skeetzo/Projects/alexdeeznuts/node_modules/express/lib/router/index.js:335:12)[39m[22m
[1m[33m    at next (/home/skeetzo/Projects/alexdeeznuts/node_modules/express/lib/router/index.js:275:10)[39m[22m
[1m[33m    at /home/skeetzo/Projects/alexdeeznuts/modules/mixins.js:89:9[39m[22m
[1m[33m    at /home/skeetzo/Projects/alexdeeznuts/node_modules/connect-mongodb-session/index.js:176:21[39m[22m
[1m[33m    at result (/home/skeetzo/Projects/alexdeeznuts/node_modules/mongodb/lib/utils.js:414:17)[39m[22m
[1m[33m    at executeCallback (/home/skeetzo/Projects/alexdeeznuts/node_modules/mongodb/lib/utils.js:406:9)[39m[22m
[1m[33m    at handleCallback (/home/skeetzo/Projects/alexdeeznuts/node_modules/mongodb/lib/utils.js:128:55)[39m[22m
[1m[33m    at /home/skeetzo/Projects/alexdeeznuts/node_modules/mongodb/lib/collection.js:1031:5[39m[22m
[1m[33m    at /home/skeetzo/Projects/alexdeeznuts/node_modules/mongodb-core/lib/connection/pool.js:544:18[39m[22m
[1m[33m    at process._tickCallback (internal/process/next_tick.js:150:11) message: 'Not Found' }[39m[22m
[34m[37m06/14/2018-11:59:27.52 [34m[33mDeezNuts[34m: Mongoose connection disconnected[39m
[34m[37m06/14/2018-11:59:27.53 [34m[33mDeezNuts[34m: Reconnecting to MongoDB in 3000...[39m
[34m[37m06/14/2018-11:59:27.53 [34m[33mDeezNuts[34m: Mongoose connection disconnected through app termination[39m
[34m[37m06/14/2018-11:59:29.66 [34m[33mDeezNuts[34m: Mongoose connection open[39m
[37m06/14/2018-11:59:30.78 [39m[33mDeezNuts[39m: ::1: /GET /privacy-policy
[1m[33m[37m06/14/2018-11:59:31.04 [33m { NotFoundError: Not Found[39m[22m
[1m[33m    at /home/skeetzo/Projects/alexdeeznuts/app.js:70:8[39m[22m
[1m[33m    at Layer.handle [as handle_request] (/home/skeetzo/Projects/alexdeeznuts/node_modules/express/lib/router/layer.js:95:5)[39m[22m
[1m[33m    at trim_prefix (/home/skeetzo/Projects/alexdeeznuts/node_modules/express/lib/router/index.js:317:13)[39m[22m
[1m[33m    at /home/skeetzo/Projects/alexdeeznuts/node_modules/express/lib/router/index.js:284:7[39m[22m
[1m[33m    at Function.process_params (/home/skeetzo/Projects/alexdeeznuts/node_modules/express/lib/router/index.js:335:12)[39m[22m
[1m[33m    at next (/home/skeetzo/Projects/alexdeeznuts/node_modules/express/lib/router/index.js:275:10)[39m[22m
[1m[33m    at /home/skeetzo/Projects/alexdeeznuts/node_modules/express/lib/router/index.js:635:15[39m[22m
[1m[33m    at next (/home/skeetzo/Projects/alexdeeznuts/node_modules/express/lib/router/index.js:260:14)[39m[22m
[1m[33m    at /home/skeetzo/Projects/alexdeeznuts/routes/index.js:15:2[39m[22m
[1m[33m    at Layer.handle [as handle_request] (/home/skeetzo/Projects/alexdeeznuts/node_modules/express/lib/router/layer.js:95:5)[39m[22m
[1m[33m    at trim_prefix (/home/skeetzo/Projects/alexdeeznuts/node_modules/express/lib/router/index.js:317:13)[39m[22m
[1m[33m    at /home/skeetzo/Projects/alexdeeznuts/node_modules/express/lib/router/index.js:284:7[39m[22m
[1m[33m    at Function.process_params (/home/skeetzo/Projects/alexdeeznuts/node_modules/express/lib/router/index.js:335:12)[39m[22m
[1m[33m    at next (/home/skeetzo/Projects/alexdeeznuts/node_modules/express/lib/router/index.js:275:10)[39m[22m
[1m[33m    at module.exports.findViewer (/home/skeetzo/Projects/alexdeeznuts/modules/mixins.js:12:43)[39m[22m
[1m[33m    at Layer.handle [as handle_request] (/home/skeetzo/Projects/alexdeeznuts/node_modules/express/lib/router/layer.js:95:5)[39m[22m
[1m[33m    at trim_prefix (/home/skeetzo/Projects/alexdeeznuts/node_modules/express/lib/router/index.js:317:13)[39m[22m
[1m[33m    at /home/skeetzo/Projects/alexdeeznuts/node_modules/express/lib/router/index.js:284:7[39m[22m
[1m[33m    at Function.process_params (/home/skeetzo/Projects/alexdeeznuts/node_modules/express/lib/router/index.js:335:12)[39m[22m
[1m[33m    at next (/home/skeetzo/Projects/alexdeeznuts/node_modules/express/lib/router/index.js:275:10)[39m[22m
[1m[33m    at /home/skeetzo/Projects/alexdeeznuts/modules/mixins.js:89:9[39m[22m
[1m[33m    at /home/skeetzo/Projects/alexdeeznuts/node_modules/connect-mongodb-session/index.js:176:21[39m[22m
[1m[33m    at result (/home/skeetzo/Projects/alexdeeznuts/node_modules/mongodb/lib/utils.js:414:17)[39m[22m
[1m[33m    at executeCallback (/home/skeetzo/Projects/alexdeeznuts/node_modules/mongodb/lib/utils.js:406:9)[39m[22m
[1m[33m    at handleCallback (/home/skeetzo/Projects/alexdeeznuts/node_modules/mongodb/lib/utils.js:128:55)[39m[22m
[1m[33m    at /home/skeetzo/Projects/alexdeeznuts/node_modules/mongodb/lib/collection.js:1031:5[39m[22m
[1m[33m    at /home/skeetzo/Projects/alexdeeznuts/node_modules/mongodb-core/lib/connection/pool.js:544:18[39m[22m
[1m[33m    at process._tickCallback (internal/process/next_tick.js:150:11) message: 'Not Found' }[39m[22m
[34m[37m06/14/2018-11:59:56.40 [34m[33mDeezNuts[34m: Mongoose connection disconnected[39m
[34m[37m06/14/2018-11:59:56.40 [34m[33mDeezNuts[34m: Reconnecting to MongoDB in 3000...[39m
[34m[37m06/14/2018-11:59:56.40 [34m[33mDeezNuts[34m: Mongoose connection disconnected through app termination[39m
[34m[37m06/14/2018-11:59:58.41 [34m[33mDeezNuts[34m: Mongoose connection open[39m
[37m06/14/2018-11:59:58.72 [39m[33mDeezNuts[39m: ::1: /GET /privacy-policy
[1m[33m[37m06/14/2018-11:59:59.00 [33m { NotFoundError: Not Found[39m[22m
[1m[33m    at /home/skeetzo/Projects/alexdeeznuts/app.js:70:8[39m[22m
[1m[33m    at Layer.handle [as handle_request] (/home/skeetzo/Projects/alexdeeznuts/node_modules/express/lib/router/layer.js:95:5)[39m[22m
[1m[33m    at trim_prefix (/home/skeetzo/Projects/alexdeeznuts/node_modules/express/lib/router/index.js:317:13)[39m[22m
[1m[33m    at /home/skeetzo/Projects/alexdeeznuts/node_modules/express/lib/router/index.js:284:7[39m[22m
[1m[33m    at Function.process_params (/home/skeetzo/Projects/alexdeeznuts/node_modules/express/lib/router/index.js:335:12)[39m[22m
[1m[33m    at next (/home/skeetzo/Projects/alexdeeznuts/node_modules/express/lib/router/index.js:275:10)[39m[22m
[1m[33m    at /home/skeetzo/Projects/alexdeeznuts/node_modules/express/lib/router/index.js:635:15[39m[22m
[1m[33m    at next (/home/skeetzo/Projects/alexdeeznuts/node_modules/express/lib/router/index.js:260:14)[39m[22m
[1m[33m    at /home/skeetzo/Projects/alexdeeznuts/routes/index.js:15:2[39m[22m
[1m[33m    at Layer.handle [as handle_request] (/home/skeetzo/Projects/alexdeeznuts/node_modules/express/lib/router/layer.js:95:5)[39m[22m
[1m[33m    at trim_prefix (/home/skeetzo/Projects/alexdeeznuts/node_modules/express/lib/router/index.js:317:13)[39m[22m
[1m[33m    at /home/skeetzo/Projects/alexdeeznuts/node_modules/express/lib/router/index.js:284:7[39m[22m
[1m[33m    at Function.process_params (/home/skeetzo/Projects/alexdeeznuts/node_modules/express/lib/router/index.js:335:12)[39m[22m
[1m[33m    at next (/home/skeetzo/Projects/alexdeeznuts/node_modules/express/lib/router/index.js:275:10)[39m[22m
[1m[33m    at module.exports.findViewer (/home/skeetzo/Projects/alexdeeznuts/modules/mixins.js:12:43)[39m[22m
[1m[33m    at Layer.handle [as handle_request] (/home/skeetzo/Projects/alexdeeznuts/node_modules/express/lib/router/layer.js:95:5)[39m[22m
[1m[33m    at trim_prefix (/home/skeetzo/Projects/alexdeeznuts/node_modules/express/lib/router/index.js:317:13)[39m[22m
[1m[33m    at /home/skeetzo/Projects/alexdeeznuts/node_modules/express/lib/router/index.js:284:7[39m[22m
[1m[33m    at Function.process_params (/home/skeetzo/Projects/alexdeeznuts/node_modules/express/lib/router/index.js:335:12)[39m[22m
[1m[33m    at next (/home/skeetzo/Projects/alexdeeznuts/node_modules/express/lib/router/index.js:275:10)[39m[22m
[1m[33m    at /home/skeetzo/Projects/alexdeeznuts/modules/mixins.js:89:9[39m[22m
[1m[33m    at /home/skeetzo/Projects/alexdeeznuts/node_modules/connect-mongodb-session/index.js:176:21[39m[22m
[1m[33m    at result (/home/skeetzo/Projects/alexdeeznuts/node_modules/mongodb/lib/utils.js:414:17)[39m[22m
[1m[33m    at executeCallback (/home/skeetzo/Projects/alexdeeznuts/node_modules/mongodb/lib/utils.js:406:9)[39m[22m
[1m[33m    at handleCallback (/home/skeetzo/Projects/alexdeeznuts/node_modules/mongodb/lib/utils.js:128:55)[39m[22m
[1m[33m    at /home/skeetzo/Projects/alexdeeznuts/node_modules/mongodb/lib/collection.js:1031:5[39m[22m
[1m[33m    at /home/skeetzo/Projects/alexdeeznuts/node_modules/mongodb-core/lib/connection/pool.js:544:18[39m[22m
[1m[33m    at process._tickCallback (internal/process/next_tick.js:150:11) message: 'Not Found' }[39m[22m
[34m[37m06/14/2018-12:00:24.74 [34m[33mDeezNuts[34m: Mongoose connection disconnected[39m
[34m[37m06/14/2018-12:00:24.74 [34m[33mDeezNuts[34m: Reconnecting to MongoDB in 3000...[39m
[34m[37m06/14/2018-12:00:24.74 [34m[33mDeezNuts[34m: Mongoose connection disconnected through app termination[39m
[34m[37m06/14/2018-12:00:26.96 [34m[33mDeezNuts[34m: Mongoose connection open[39m
[37m06/14/2018-12:00:27.42 [39m[33mDeezNuts[39m: ::1: /GET /privacy-policy
[1m[33m[37m06/14/2018-12:00:27.73 [33m { NotFoundError: Not Found[39m[22m
[1m[33m    at /home/skeetzo/Projects/alexdeeznuts/app.js:70:8[39m[22m
[1m[33m    at Layer.handle [as handle_request] (/home/skeetzo/Projects/alexdeeznuts/node_modules/express/lib/router/layer.js:95:5)[39m[22m
[1m[33m    at trim_prefix (/home/skeetzo/Projects/alexdeeznuts/node_modules/express/lib/router/index.js:317:13)[39m[22m
[1m[33m    at /home/skeetzo/Projects/alexdeeznuts/node_modules/express/lib/router/index.js:284:7[39m[22m
[1m[33m    at Function.process_params (/home/skeetzo/Projects/alexdeeznuts/node_modules/express/lib/router/index.js:335:12)[39m[22m
[1m[33m    at next (/home/skeetzo/Projects/alexdeeznuts/node_modules/express/lib/router/index.js:275:10)[39m[22m
[1m[33m    at /home/skeetzo/Projects/alexdeeznuts/node_modules/express/lib/router/index.js:635:15[39m[22m
[1m[33m    at next (/home/skeetzo/Projects/alexdeeznuts/node_modules/express/lib/router/index.js:260:14)[39m[22m
[1m[33m    at /home/skeetzo/Projects/alexdeeznuts/routes/index.js:15:2[39m[22m
[1m[33m    at Layer.handle [as handle_request] (/home/skeetzo/Projects/alexdeeznuts/node_modules/express/lib/router/layer.js:95:5)[39m[22m
[1m[33m    at trim_prefix (/home/skeetzo/Projects/alexdeeznuts/node_modules/express/lib/router/index.js:317:13)[39m[22m
[1m[33m    at /home/skeetzo/Projects/alexdeeznuts/node_modules/express/lib/router/index.js:284:7[39m[22m
[1m[33m    at Function.process_params (/home/skeetzo/Projects/alexdeeznuts/node_modules/express/lib/router/index.js:335:12)[39m[22m
[1m[33m    at next (/home/skeetzo/Projects/alexdeeznuts/node_modules/express/lib/router/index.js:275:10)[39m[22m
[1m[33m    at module.exports.findViewer (/home/skeetzo/Projects/alexdeeznuts/modules/mixins.js:12:43)[39m[22m
[1m[33m    at Layer.handle [as handle_request] (/home/skeetzo/Projects/alexdeeznuts/node_modules/express/lib/router/layer.js:95:5)[39m[22m
[1m[33m    at trim_prefix (/home/skeetzo/Projects/alexdeeznuts/node_modules/express/lib/router/index.js:317:13)[39m[22m
[1m[33m    at /home/skeetzo/Projects/alexdeeznuts/node_modules/express/lib/router/index.js:284:7[39m[22m
[1m[33m    at Function.process_params (/home/skeetzo/Projects/alexdeeznuts/node_modules/express/lib/router/index.js:335:12)[39m[22m
[1m[33m    at next (/home/skeetzo/Projects/alexdeeznuts/node_modules/express/lib/router/index.js:275:10)[39m[22m
[1m[33m    at /home/skeetzo/Projects/alexdeeznuts/modules/mixins.js:89:9[39m[22m
[1m[33m    at /home/skeetzo/Projects/alexdeeznuts/node_modules/connect-mongodb-session/index.js:176:21[39m[22m
[1m[33m    at result (/home/skeetzo/Projects/alexdeeznuts/node_modules/mongodb/lib/utils.js:414:17)[39m[22m
[1m[33m    at executeCallback (/home/skeetzo/Projects/alexdeeznuts/node_modules/mongodb/lib/utils.js:406:9)[39m[22m
[1m[33m    at handleCallback (/home/skeetzo/Projects/alexdeeznuts/node_modules/mongodb/lib/utils.js:128:55)[39m[22m
[1m[33m    at /home/skeetzo/Projects/alexdeeznuts/node_modules/mongodb/lib/collection.js:1031:5[39m[22m
[1m[33m    at /home/skeetzo/Projects/alexdeeznuts/node_modules/mongodb-core/lib/connection/pool.js:544:18[39m[22m
[1m[33m    at process._tickCallback (internal/process/next_tick.js:150:11) message: 'Not Found' }[39m[22m
[37m06/14/2018-12:00:30.43 [39m[33mDeezNuts[39m: ::1: /GET /
[37m06/14/2018-12:00:32.07 [39m[33mDeezNuts[39m: ::1: /GET /live
[34m[37m06/14/2018-12:01:15.95 [34m[33mDeezNuts[34m: Mongoose connection disconnected[39m
[34m[37m06/14/2018-12:01:15.95 [34m[33mDeezNuts[34m: Reconnecting to MongoDB in 3000...[39m
[34m[37m06/14/2018-12:01:15.95 [34m[33mDeezNuts[34m: Mongoose connection disconnected through app termination[39m
[34m[37m06/14/2018-12:01:18.07 [34m[33mDeezNuts[34m: Mongoose connection open[39m
[37m06/14/2018-12:01:19.18 [39m[33mDeezNuts[39m: ::1: /GET /live
[34m[37m06/14/2018-12:02:04.40 [34m[33mDeezNuts[34m: Mongoose connection disconnected[39m
[34m[37m06/14/2018-12:02:04.40 [34m[33mDeezNuts[34m: Reconnecting to MongoDB in 3000...[39m
[34m[37m06/14/2018-12:02:04.40 [34m[33mDeezNuts[34m: Mongoose connection disconnected through app termination[39m
[34m[37m06/14/2018-12:02:06.60 [34m[33mDeezNuts[34m: Mongoose connection open[39m
[37m06/14/2018-12:02:08.05 [39m[33mDeezNuts[39m: ::1: /GET /live
[34m[37m06/14/2018-12:02:30.05 [34m[33mDeezNuts[34m: Mongoose connection disconnected[39m
[34m[37m06/14/2018-12:02:30.06 [34m[33mDeezNuts[34m: Reconnecting to MongoDB in 3000...[39m
[34m[37m06/14/2018-12:02:30.06 [34m[33mDeezNuts[34m: Mongoose connection disconnected through app termination[39m
[34m[37m06/14/2018-12:02:32.10 [34m[33mDeezNuts[34m: Mongoose connection open[39m
[37m06/14/2018-12:02:32.43 [39m[33mDeezNuts[39m: ::1: /GET /live
[37m06/14/2018-12:02:34.76 [39m[33mDeezNuts[39m: ::1: /GET /
[37m06/14/2018-12:02:38.85 [39m[33mDeezNuts[39m: ::1: /GET /live
[34m[37m06/14/2018-12:03:05.24 [34m[33mDeezNuts[34m: Mongoose connection disconnected[39m
[34m[37m06/14/2018-12:03:05.24 [34m[33mDeezNuts[34m: Reconnecting to MongoDB in 3000...[39m
[34m[37m06/14/2018-12:03:05.24 [34m[33mDeezNuts[34m: Mongoose connection disconnected through app termination[39m
[34m[37m06/14/2018-12:03:07.48 [34m[33mDeezNuts[34m: Mongoose connection open[39m
[37m06/14/2018-12:03:08.94 [39m[33mDeezNuts[39m: ::1: /GET /live
[37m06/14/2018-12:03:11.51 [39m[33mDeezNuts[39m: ::1: /GET /
[37m06/14/2018-12:03:14.41 [39m[33mDeezNuts[39m: ::1: /GET /live
[37m06/14/2018-12:03:16.62 [39m[33mDeezNuts[39m: ::1: /GET /
[34m[37m06/14/2018-12:03:25.72 [34m[33mDeezNuts[34m: Mongoose connection disconnected[39m
[34m[37m06/14/2018-12:03:25.72 [34m[33mDeezNuts[34m: Reconnecting to MongoDB in 3000...[39m
[34m[37m06/14/2018-12:03:25.72 [34m[33mDeezNuts[34m: Mongoose connection disconnected through app termination[39m
